5217713169532:ENCOLADO ans_a689666e-23c9-4367-bf6b-e08d5fd3a5a0
EJECUTANDO:ans_a689666e-23c9-4367-bf6b-e08d5fd3a5a0
5217713169532:SUCCESS
5217713169532:ENCOLADO ans_90b21aaa-fa9f-4db6-9a9c-9d0d802b350e
EJECUTANDO:ans_90b21aaa-fa9f-4db6-9a9c-9d0d802b350e
5217713169532:SUCCESS
5217713169532:ENCOLADO ans_84551090-dcce-4276-aeca-3496d1223372
EJECUTANDO:ans_84551090-dcce-4276-aeca-3496d1223372
5217713169532:SUCCESS
5217713169532:ENCOLADO ans_66849d85-5205-4ceb-8b4d-8616098ff777
EJECUTANDO:ans_66849d85-5205-4ceb-8b4d-8616098ff777
5217713169532:SUCCESS
5217713169532:ENCOLADO ans_3ae47f19-b762-45bb-9f61-f439a18dae12
EJECUTANDO:ans_3ae47f19-b762-45bb-9f61-f439a18dae12
5217713169532:SUCCESS
5217713169532:ENCOLADO ans_0ecd38e4-f424-4b57-9b62-73836ce4f9f8
EJECUTANDO:ans_0ecd38e4-f424-4b57-9b62-73836ce4f9f8
5217713169532:SUCCESS
5217713169532:ENCOLADO ans_a689666e-23c9-4367-bf6b-e08d5fd3a5a0
EJECUTANDO:ans_a689666e-23c9-4367-bf6b-e08d5fd3a5a0
5217713169532:SUCCESS
5217713169532:ENCOLADO ans_90b21aaa-fa9f-4db6-9a9c-9d0d802b350e
EJECUTANDO:ans_90b21aaa-fa9f-4db6-9a9c-9d0d802b350e
5217713169532:SUCCESS
5217713169532:ENCOLADO ans_ac5e8021-6a72-4dc6-9ea7-1725f4e2889f
EJECUTANDO:ans_ac5e8021-6a72-4dc6-9ea7-1725f4e2889f
5217713169532:SUCCESS
5217713169532:ENCOLADO ans_a689666e-23c9-4367-bf6b-e08d5fd3a5a0
EJECUTANDO:ans_a689666e-23c9-4367-bf6b-e08d5fd3a5a0
5217713169532:SUCCESS
5217713169532:ENCOLADO ans_90b21aaa-fa9f-4db6-9a9c-9d0d802b350e
EJECUTANDO:ans_90b21aaa-fa9f-4db6-9a9c-9d0d802b350e
5217713169532:SUCCESS
5217713169532:ENCOLADO ans_84551090-dcce-4276-aeca-3496d1223372
EJECUTANDO:ans_84551090-dcce-4276-aeca-3496d1223372
5217713169532:SUCCESS
5217713169532:ENCOLADO ans_66849d85-5205-4ceb-8b4d-8616098ff777
EJECUTANDO:ans_66849d85-5205-4ceb-8b4d-8616098ff777
5217713169532:SUCCESS
5217713169532:ENCOLADO ans_3ae47f19-b762-45bb-9f61-f439a18dae12
EJECUTANDO:ans_3ae47f19-b762-45bb-9f61-f439a18dae12
5217713169532:SUCCESS
5217713169532:ENCOLADO ans_0ecd38e4-f424-4b57-9b62-73836ce4f9f8
EJECUTANDO:ans_0ecd38e4-f424-4b57-9b62-73836ce4f9f8
5217713169532:SUCCESS
